This is pdfTeX, Version 3.14159265-2.6-1.40.18 (TeX Live 2017/Debian) (preloaded format=pdflatex 2018.10.11)  19 DEC 2018 14:05
entering extended mode
 restricted \write18 enabled.
 file:line:error style messages enabled.
 %&-line parsing enabled.
**"/home/spencer/School/Advanced Processors/processor/report/report.tex"
(/home/spencer/School/Advanced Processors/processor/report/report.tex
LaTeX2e <2017-04-15>
Babel <3.18> and hyphenation patterns for 84 language(s) loaded.
(/usr/share/texlive/texmf-dist/tex/latex/base/article.cls
Document Class: article 2014/09/29 v1.4h Standard LaTeX document class
(/usr/share/texlive/texmf-dist/tex/latex/base/size10.clo
File: size10.clo 2014/09/29 v1.4h Standard LaTeX file (size option)
)
\c@part=\count79
\c@section=\count80
\c@subsection=\count81
\c@subsubsection=\count82
\c@paragraph=\count83
\c@subparagraph=\count84
\c@figure=\count85
\c@table=\count86
\abovecaptionskip=\skip41
\belowcaptionskip=\skip42
\bibindent=\dimen102
) (/usr/share/texlive/texmf-dist/tex/latex/graphics/graphicx.sty
Package: graphicx 2017/06/01 v1.1a Enhanced LaTeX Graphics (DPC,SPQR)
 (/usr/share/texlive/texmf-dist/tex/latex/graphics/keyval.sty
Package: keyval 2014/10/28 v1.15 key=value parser (DPC)
\KV@toks@=\toks14
) (/usr/share/texlive/texmf-dist/tex/latex/graphics/graphics.sty
Package: graphics 2017/06/25 v1.2c Standard LaTeX Graphics (DPC,SPQR)
 (/usr/share/texlive/texmf-dist/tex/latex/graphics/trig.sty
Package: trig 2016/01/03 v1.10 sin cos tan (DPC)
) (/usr/share/texlive/texmf-dist/tex/latex/graphics-cfg/graphics.cfg
File: graphics.cfg 2016/06/04 v1.11 sample graphics configuration
)
Package graphics Info: Driver file: pdftex.def on input line 99.
 (/usr/share/texlive/texmf-dist/tex/latex/graphics-def/pdftex.def
File: pdftex.def 2018/01/08 v1.0l Graphics/color driver for pdftex
))
\Gin@req@height=\dimen103
\Gin@req@width=\dimen104
) (/usr/share/texlive/texmf-dist/tex/latex/titlesec/titlesec.sty
Package: titlesec 2016/03/21 v2.10.2 Sectioning titles
\ttl@box=\box26
\beforetitleunit=\skip43
\aftertitleunit=\skip44
\ttl@plus=\dimen105
\ttl@minus=\dimen106
\ttl@toksa=\toks15
\titlewidth=\dimen107
\titlewidthlast=\dimen108
\titlewidthfirst=\dimen109
) (/usr/share/texlive/texmf-dist/tex/latex/float/float.sty
Package: float 2001/11/08 v1.3d Float enhancements (AL)
\c@float@type=\count87
\float@exts=\toks16
\float@box=\box27
\@float@everytoks=\toks17
\@floatcapt=\box28
) (/usr/share/texlive/texmf-dist/tex/latex/adjustbox/adjustbox.sty
Package: adjustbox 2012/05/21 v1.0 Adjusting TeX boxes (trim, clip, ...)
 (/usr/share/texlive/texmf-dist/tex/latex/xkeyval/xkeyval.sty
Package: xkeyval 2014/12/03 v2.7a package option processing (HA)
 (/usr/share/texlive/texmf-dist/tex/generic/xkeyval/xkeyval.tex (/usr/share/texlive/texmf-dist/tex/generic/xkeyval/xkvutils.tex
\XKV@toks=\toks18
\XKV@tempa@toks=\toks19
)
\XKV@depth=\count88
File: xkeyval.tex 2014/12/03 v2.7a key=value parser (HA)
)) (/usr/share/texlive/texmf-dist/tex/latex/adjustbox/adjcalc.sty
Package: adjcalc 2012/05/16 v1.1 Provides advanced setlength with multiple back-ends (calc, etex, pgfmath)
) (/usr/share/texlive/texmf-dist/tex/latex/adjustbox/trimclip.sty
Package: trimclip 2012/05/16 v1.0 Trim and clip general TeX material
 (/usr/share/texlive/texmf-dist/tex/latex/collectbox/collectbox.sty
Package: collectbox 2012/05/17 v0.4b Collect macro arguments as boxes
\collectedbox=\box29
)
\tc@llx=\dimen110
\tc@lly=\dimen111
\tc@urx=\dimen112
\tc@ury=\dimen113
Package trimclip Info: Using driver 'tc-pdftex.def'.
 (/usr/share/texlive/texmf-dist/tex/latex/adjustbox/tc-pdftex.def
File: tc-pdftex.def 2012/05/13 v1.0 Clipping driver for pdftex
))
\adjbox@Width=\dimen114
\adjbox@Height=\dimen115
\adjbox@Depth=\dimen116
\adjbox@Totalheight=\dimen117
 (/usr/share/texlive/texmf-dist/tex/latex/ifoddpage/ifoddpage.sty
Package: ifoddpage 2016/04/23 v1.1 Conditionals for odd/even page detection
\c@checkoddpage=\count89
) (/usr/share/texlive/texmf-dist/tex/latex/varwidth/varwidth.sty
Package: varwidth 2009/03/30 ver 0.92;  Variable-width minipages
\@vwid@box=\box30
\sift@deathcycles=\count90
\@vwid@loff=\dimen118
\@vwid@roff=\dimen119
)) (./report.aux)
\openout1 = `report.aux'.

LaTeX Font Info:    Checking defaults for OML/cmm/m/it on input line 9.
LaTeX Font Info:    ... okay on input line 9.
LaTeX Font Info:    Checking defaults for T1/cmr/m/n on input line 9.
LaTeX Font Info:    ... okay on input line 9.
LaTeX Font Info:    Checking defaults for OT1/cmr/m/n on input line 9.
LaTeX Font Info:    ... okay on input line 9.
LaTeX Font Info:    Checking defaults for OMS/cmsy/m/n on input line 9.
LaTeX Font Info:    ... okay on input line 9.
LaTeX Font Info:    Checking defaults for OMX/cmex/m/n on input line 9.
LaTeX Font Info:    ... okay on input line 9.
LaTeX Font Info:    Checking defaults for U/cmr/m/n on input line 9.
LaTeX Font Info:    ... okay on input line 9.
 (/usr/share/texlive/texmf-dist/tex/context/base/mkii/supp-pdf.mkii
[Loading MPS to PDF converter (version 2006.09.02).]
\scratchcounter=\count91
\scratchdimen=\dimen120
\scratchbox=\box31
\nofMPsegments=\count92
\nofMParguments=\count93
\everyMPshowfont=\toks20
\MPscratchCnt=\count94
\MPscratchDim=\dimen121
\MPnumerator=\count95
\makeMPintoPDFobject=\count96
\everyMPtoPDFconversion=\toks21
) (/usr/share/texlive/texmf-dist/tex/latex/oberdiek/epstopdf-base.sty
Package: epstopdf-base 2016/05/15 v2.6 Base part for package epstopdf
 (/usr/share/texlive/texmf-dist/tex/generic/oberdiek/infwarerr.sty
Package: infwarerr 2016/05/16 v1.4 Providing info/warning/error messages (HO)
) (/usr/share/texlive/texmf-dist/tex/latex/oberdiek/grfext.sty
Package: grfext 2016/05/16 v1.2 Manage graphics extensions (HO)
 (/usr/share/texlive/texmf-dist/tex/generic/oberdiek/kvdefinekeys.sty
Package: kvdefinekeys 2016/05/16 v1.4 Define keys (HO)
 (/usr/share/texlive/texmf-dist/tex/generic/oberdiek/ltxcmds.sty
Package: ltxcmds 2016/05/16 v1.23 LaTeX kernel commands for general use (HO)
))) (/usr/share/texlive/texmf-dist/tex/latex/oberdiek/kvoptions.sty
Package: kvoptions 2016/05/16 v3.12 Key value format for package options (HO)
 (/usr/share/texlive/texmf-dist/tex/generic/oberdiek/kvsetkeys.sty
Package: kvsetkeys 2016/05/16 v1.17 Key value parser (HO)
 (/usr/share/texlive/texmf-dist/tex/generic/oberdiek/etexcmds.sty
Package: etexcmds 2016/05/16 v1.6 Avoid name clashes with e-TeX commands (HO)
 (/usr/share/texlive/texmf-dist/tex/generic/oberdiek/ifluatex.sty
Package: ifluatex 2016/05/16 v1.4 Provides the ifluatex switch (HO)
Package ifluatex Info: LuaTeX not detected.
)
Package etexcmds Info: Could not find \expanded.
(etexcmds)             That can mean that you are not using pdfTeX 1.50 or
(etexcmds)             that some package has redefined \expanded.
(etexcmds)             In the latter case, load this package earlier.
))) (/usr/share/texlive/texmf-dist/tex/generic/oberdiek/pdftexcmds.sty
Package: pdftexcmds 2018/01/21 v0.26 Utility functions of pdfTeX for LuaTeX (HO)
 (/usr/share/texlive/texmf-dist/tex/generic/oberdiek/ifpdf.sty
Package: ifpdf 2017/03/15 v3.2 Provides the ifpdf switch
)
Package pdftexcmds Info: LuaTeX not detected.
Package pdftexcmds Info: \pdf@primitive is available.
Package pdftexcmds Info: \pdf@ifprimitive is available.
Package pdftexcmds Info: \pdfdraftmode found.
)
Package epstopdf-base Info: Redefining graphics rule for `.eps' on input line 438.
Package grfext Info: Graphics extension search list:
(grfext)             [.pdf,.png,.jpg,.mps,.jpeg,.jbig2,.jb2,.PDF,.PNG,.JPG,.JPEG,.JBIG2,.JB2,.eps]
(grfext)             \AppendGraphicsExtensions on input line 456.
 (/usr/share/texlive/texmf-dist/tex/latex/latexconfig/epstopdf-sys.cfg
File: epstopdf-sys.cfg 2010/07/13 v1.3 Configuration of (r)epstopdf for TeX Live
))
LaTeX Font Info:    External font `cmex10' loaded for size
(Font)              <12> on input line 14.
LaTeX Font Info:    External font `cmex10' loaded for size
(Font)              <8> on input line 14.
LaTeX Font Info:    External font `cmex10' loaded for size
(Font)              <6> on input line 14.
LaTeX Font Info:    Try loading font information for OMS+cmr on input line 27.
 (/usr/share/texlive/texmf-dist/tex/latex/base/omscmr.fd
File: omscmr.fd 2014/09/29 v2.5h Standard LaTeX font definitions
)
LaTeX Font Info:    Font shape `OMS/cmr/m/n' in size <10> not available
(Font)              Font shape `OMS/cmsy/m/n' tried instead on input line 27.

Underfull \hbox (badness 10000) in paragraph at lines 54--57

 []

<../diagrams/alu/adder/half_adder.pdf, id=1, 206.6922pt x 102.3825pt>
File: ../diagrams/alu/adder/half_adder.pdf Graphic file (type pdf)
<use ../diagrams/alu/adder/half_adder.pdf>
Package pdftex.def Info: ../diagrams/alu/adder/half_adder.pdf  used on input line 62.
(pdftex.def)             Requested size: 206.69168pt x 102.38225pt.

Underfull \hbox (badness 10000) in paragraph at lines 59--64

 []


Underfull \hbox (badness 10000) in paragraph at lines 59--64

 []

[1

{/var/lib/texmf/fonts/map/pdftex/updmap/pdftex.map}]
Underfull \hbox (badness 10000) in paragraph at lines 67--71

 []

LaTeX Font Info:    External font `cmex10' loaded for size
(Font)              <7> on input line 73.
LaTeX Font Info:    External font `cmex10' loaded for size
(Font)              <5> on input line 73.
<Screenshots/half_adder.png, id=13, 1047.915pt x 679.53876pt>
File: Screenshots/half_adder.png Graphic file (type png)
<use Screenshots/half_adder.png>
Package pdftex.def Info: Screenshots/half_adder.png  used on input line 89.
(pdftex.def)             Requested size: 552.86174pt x 358.51555pt.
[2 <../diagrams/alu/adder/half_adder.pdf>]
Underfull \hbox (badness 10000) in paragraph at lines 113--116

 []

[3 <./Screenshots/half_adder.png>]
<../diagrams/alu/adder/full_adder.pdf, id=31, 324.25137pt x 131.53139pt>
File: ../diagrams/alu/adder/full_adder.pdf Graphic file (type pdf)
<use ../diagrams/alu/adder/full_adder.pdf>
Package pdftex.def Info: ../diagrams/alu/adder/full_adder.pdf  used on input line 121.
(pdftex.def)             Requested size: 324.25058pt x 131.53105pt.

Underfull \hbox (badness 10000) in paragraph at lines 118--123

 []


Underfull \hbox (badness 10000) in paragraph at lines 118--123

 []


Underfull \hbox (badness 10000) in paragraph at lines 126--130

 []

<Screenshots/full_adder.png, id=32, 1047.915pt x 679.53876pt>
File: Screenshots/full_adder.png Graphic file (type png)
<use Screenshots/full_adder.png>
Package pdftex.def Info: Screenshots/full_adder.png  used on input line 156.
(pdftex.def)             Requested size: 552.86174pt x 358.51555pt.
[4 <../diagrams/alu/adder/full_adder.pdf>]
Underfull \hbox (badness 10000) in paragraph at lines 180--183

 []

[5 <./Screenshots/full_adder.png>]
<../diagrams/alu/adder/adder_2.pdf, id=49, 304.2567pt x 210.7875pt>
File: ../diagrams/alu/adder/adder_2.pdf Graphic file (type pdf)
<use ../diagrams/alu/adder/adder_2.pdf>
Package pdftex.def Info: ../diagrams/alu/adder/adder_2.pdf  used on input line 188.
(pdftex.def)             Requested size: 304.25595pt x 210.78699pt.

Underfull \hbox (badness 10000) in paragraph at lines 185--190

 []


Underfull \hbox (badness 10000) in paragraph at lines 185--190

 []


Underfull \hbox (badness 10000) in paragraph at lines 193--197

 []

<Screenshots/adder_2.png, id=50, 1047.915pt x 679.53876pt>
File: Screenshots/adder_2.png Graphic file (type png)
<use Screenshots/adder_2.png>
Package pdftex.def Info: Screenshots/adder_2.png  used on input line 215.
(pdftex.def)             Requested size: 552.86174pt x 358.51555pt.
[6 <../diagrams/alu/adder/adder_2.pdf>]
Underfull \hbox (badness 10000) in paragraph at lines 239--242

 []

[7 <./Screenshots/adder_2.png>]
<../diagrams/alu/adder/adder_4.pdf, id=68, 308.11108pt x 210.7875pt>
File: ../diagrams/alu/adder/adder_4.pdf Graphic file (type pdf)
<use ../diagrams/alu/adder/adder_4.pdf>
Package pdftex.def Info: ../diagrams/alu/adder/adder_4.pdf  used on input line 247.
(pdftex.def)             Requested size: 308.11032pt x 210.78699pt.

Underfull \hbox (badness 10000) in paragraph at lines 244--249

 []


Underfull \hbox (badness 10000) in paragraph at lines 244--249

 []


Underfull \hbox (badness 10000) in paragraph at lines 252--258

 []

[8 <../diagrams/alu/adder/adder_4.pdf>]
Underfull \hbox (badness 10000) in paragraph at lines 280--283

 []

<../diagrams/alu/adder/adder_8.pdf, id=81, 308.11108pt x 210.7875pt>
File: ../diagrams/alu/adder/adder_8.pdf Graphic file (type pdf)
<use ../diagrams/alu/adder/adder_8.pdf>
Package pdftex.def Info: ../diagrams/alu/adder/adder_8.pdf  used on input line 288.
(pdftex.def)             Requested size: 308.11032pt x 210.78699pt.

Underfull \hbox (badness 10000) in paragraph at lines 285--290

 []


Underfull \hbox (badness 10000) in paragraph at lines 285--290

 []


Underfull \hbox (badness 10000) in paragraph at lines 293--299

 []

[9 <../diagrams/alu/adder/adder_8.pdf>]
Underfull \hbox (badness 10000) in paragraph at lines 321--324

 []

<../diagrams/alu/adder/adder_16.pdf, id=94, 313.17pt x 210.7875pt>
File: ../diagrams/alu/adder/adder_16.pdf Graphic file (type pdf)
<use ../diagrams/alu/adder/adder_16.pdf>
Package pdftex.def Info: ../diagrams/alu/adder/adder_16.pdf  used on input line 329.
(pdftex.def)             Requested size: 313.16922pt x 210.78699pt.

Underfull \hbox (badness 10000) in paragraph at lines 326--331

 []


Underfull \hbox (badness 10000) in paragraph at lines 326--331

 []


Underfull \hbox (badness 10000) in paragraph at lines 334--340

 []

[10 <../diagrams/alu/adder/adder_16.pdf>]
Underfull \hbox (badness 10000) in paragraph at lines 361--364

 []

<../diagrams/alu/adder/adder_32.pdf, id=107, 317.26529pt x 210.7875pt>
File: ../diagrams/alu/adder/adder_32.pdf Graphic file (type pdf)
<use ../diagrams/alu/adder/adder_32.pdf>
Package pdftex.def Info: ../diagrams/alu/adder/adder_32.pdf  used on input line 369.
(pdftex.def)             Requested size: 317.26451pt x 210.78699pt.

Underfull \hbox (badness 10000) in paragraph at lines 366--371

 []


Underfull \hbox (badness 10000) in paragraph at lines 366--371

 []


Underfull \hbox (badness 10000) in paragraph at lines 374--378

 []

[11 <../diagrams/alu/adder/adder_32.pdf>]
<Screenshots/adder_32.png, id=120, 1047.915pt x 679.53876pt>
File: Screenshots/adder_32.png Graphic file (type png)
<use Screenshots/adder_32.png>
Package pdftex.def Info: Screenshots/adder_32.png  used on input line 396.
(pdftex.def)             Requested size: 552.86174pt x 358.51555pt.
 [12 <./Screenshots/adder_32.png>] (./report.aux) ) 
Here is how much of TeX's memory you used:
 2582 strings out of 492982
 38877 string characters out of 6134895
 99564 words of memory out of 5000000
 6101 multiletter control sequences out of 15000+600000
 7895 words of font info for 28 fonts, out of 8000000 for 9000
 1141 hyphenation exceptions out of 8191
 41i,7n,37p,333b,295s stack positions out of 5000i,500n,10000p,200000b,80000s
</usr/share/texlive/texmf-dist/fonts/type1/public/amsfonts/cm/cmbx10.pfb></usr/share/texlive/texmf-dist/fonts/type1/public/amsfonts/cm/cmbx12.pfb></usr/share/texlive/texmf-dist/fonts/type1/public/amsfonts/cm/cmr10.pfb></usr/share/texlive/texmf-dist/fonts/type1/public/amsfonts/cm/cmr12.pfb></usr/share/texlive/texmf-dist/fonts/type1/public/amsfonts/cm/cmr17.pfb></usr/share/texlive/texmf-dist/fonts/type1/public/amsfonts/cm/cmsy10.pfb>
Output written on report.pdf (12 pages, 331822 bytes).
PDF statistics:
 146 PDF objects out of 1000 (max. 8388607)
 96 compressed objects within 1 object stream
 0 named destinations out of 1000 (max. 500000)
 56 words of extra memory for PDF output out of 10000 (max. 10000000)

